<?xml version="1.0" encoding="UTF-8"?>
<!-- Generated by org.testng.reporters.JUnitReportReporter -->
<testsuite hostname="DESKTOP-21T6B4I" failures="0" tests="1" name="mavenforjenkins.UITest" time="40.298" errors="0" timestamp="2023-12-07T17:14:44 GMT" skipped="0">
  <testcase classname="mavenforjenkins.UITest" name="startBrowser" time="40.298"/>
</testsuite> <!-- mavenforjenkins.UITest -->
