<?xml version="1.0" encoding="UTF-8"?>
<!-- Generated by org.testng.reporters.JUnitReportReporter -->
<testsuite hostname="Narsing" failures="0" tests="1" name="mavenforjenkins.UITest" time="14.242" errors="0" timestamp="2023-12-10T17:02:09 GMT" skipped="0">
  <testcase classname="mavenforjenkins.UITest" name="startBrowser" time="14.242"/>
</testsuite> <!-- mavenforjenkins.UITest -->
